Determining if the pthread_create exist failed with the following output:
Change Dir: /home/kikot/ROS/build/CMakeFiles/CMakeTmp

Run Build Command:"/usr/bin/make" "cmTC_bdc6b/fast"
/usr/bin/make -f CMakeFiles/cmTC_bdc6b.dir/build.make CMakeFiles/cmTC_bdc6b.dir/build
make[1]: Entering directory '/home/kikot/ROS/build/CMakeFiles/CMakeTmp'
Building C object CMakeFiles/cmTC_bdc6b.dir/CheckSymbolExists.c.o
/usr/bin/cc     -o CMakeFiles/cmTC_bdc6b.dir/CheckSymbolExists.c.o   -c /home/kikot/ROS/build/CMakeFiles/CMakeTmp/CheckSymbolExists.c
Linking C executable cmTC_bdc6b
/usr/bin/cmake -E cmake_link_script CMakeFiles/cmTC_bdc6b.dir/link.txt --verbose=1
/usr/bin/cc       CMakeFiles/cmTC_bdc6b.dir/CheckSymbolExists.c.o  -o cmTC_bdc6b -rdynamic 
CMakeFiles/cmTC_bdc6b.dir/CheckSymbolExists.c.o: In function `main':
CheckSymbolExists.c:(.text+0x16): undefined reference to `pthread_create'
collect2: error: ld returned 1 exit status
CMakeFiles/cmTC_bdc6b.dir/build.make:97: recipe for target 'cmTC_bdc6b' failed
make[1]: *** [cmTC_bdc6b] Error 1
make[1]: Leaving directory '/home/kikot/ROS/build/CMakeFiles/CMakeTmp'
Makefile:126: recipe for target 'cmTC_bdc6b/fast' failed
make: *** [cmTC_bdc6b/fast] Error 2

File /home/kikot/ROS/build/CMakeFiles/CMakeTmp/CheckSymbolExists.c:
/* */
#include <pthread.h>

int main(int argc, char** argv)
{
  (void)argv;
#ifndef pthread_create
  return ((int*)(&pthread_create))[argc];
#else
  (void)argc;
  return 0;
#endif
}

Determining if the function pthread_create exists in the pthreads failed with the following output:
Change Dir: /home/kikot/ROS/build/CMakeFiles/CMakeTmp

Run Build Command:"/usr/bin/make" "cmTC_57cad/fast"
/usr/bin/make -f CMakeFiles/cmTC_57cad.dir/build.make CMakeFiles/cmTC_57cad.dir/build
make[1]: Entering directory '/home/kikot/ROS/build/CMakeFiles/CMakeTmp'
Building C object CMakeFiles/cmTC_57cad.dir/CheckFunctionExists.c.o
/usr/bin/cc    -DCHECK_FUNCTION_EXISTS=pthread_create   -o CMakeFiles/cmTC_57cad.dir/CheckFunctionExists.c.o   -c /usr/share/cmake-3.5/Modules/CheckFunctionExists.c
Linking C executable cmTC_57cad
/usr/bin/cmake -E cmake_link_script CMakeFiles/cmTC_57cad.dir/link.txt --verbose=1
/usr/bin/cc   -DCHECK_FUNCTION_EXISTS=pthread_create    CMakeFiles/cmTC_57cad.dir/CheckFunctionExists.c.o  -o cmTC_57cad -rdynamic -lpthreads 
/usr/bin/ld: cannot find -lpthreads
collect2: error: ld returned 1 exit status
CMakeFiles/cmTC_57cad.dir/build.make:97: recipe for target 'cmTC_57cad' failed
make[1]: *** [cmTC_57cad] Error 1
make[1]: Leaving directory '/home/kikot/ROS/build/CMakeFiles/CMakeTmp'
Makefile:126: recipe for target 'cmTC_57cad/fast' failed
make: *** [cmTC_57cad/fast] Error 2


